[    0.000000] Initializing cgroup subsys cpuset
[    0.000000] Initializing cgroup subsys cpu
[    0.000000] Initializing cgroup subsys cpuacct
[    0.000000] Linux version 4.4.0-154-generic (buildd@lgw01-amd64-049) (gcc version 5.4.0 20160609 (Ubuntu 5.4.0-6ubuntu1~16.04.10) ) #181-Ubuntu SMP Tue Jun 25 05:29:03 UTC 2019 (Ubuntu 4.4.0-154.181-generic 4.4.179)
[    0.000000] Command line: BOOT_IMAGE=/boot/vmlinuz-4.4.0-154-generic root=LABEL=cloudimg-rootfs ro console=tty1 console=ttyS0
[    0.000000] KERNEL supported cpus:
[    0.000000]   Intel GenuineIntel
[    0.000000]   AMD AuthenticAMD
[    0.000000]   Centaur CentaurHauls
[    0.000000] x86/fpu: Supporting XSAVE feature 0x01: 'x87 floating point registers'
[    0.000000] x86/fpu: Supporting XSAVE feature 0x02: 'SSE registers'
[    0.000000] x86/fpu: Enabled xstate features 0x3, context size is 576 bytes, using 'standard' format.
[    0.000000] e820: BIOS-provided physical RAM map:
[    0.000000] BIOS-e820: [mem 0x0000000000000000-0x000000000009fbff] usable
[    0.000000] BIOS-e820: [mem 0x000000000009fc00-0x000000000009ffff] reserved
[    0.000000] BIOS-e820: [mem 0x00000000000f0000-0x00000000000fffff] reserved
[    0.000000] BIOS-e820: [mem 0x0000000000100000-0x000000003ffeffff] usable
[    0.000000] BIOS-e820: [mem 0x000000003fff0000-0x000000003fffffff] ACPI data
[    0.000000] BIOS-e820: [mem 0x00000000fec00000-0x00000000fec00fff] reserved
[    0.000000] BIOS-e820: [mem 0x00000000fee00000-0x00000000fee00fff] reserved
[    0.000000] BIOS-e820: [mem 0x00000000fffc0000-0x00000000ffffffff] reserved
[    0.000000] NX (Execute Disable) protection: active
[    0.000000] SMBIOS 2.5 present.
[    0.000000] Hypervisor detected: KVM
[    0.000000] e820: last_pfn = 0x3fff0 max_arch_pfn = 0x400000000
[    0.000000] MTRR: Disabled
[    0.000000] x86/PAT: MTRRs disabled, skipping PAT initialization too.
[    0.000000] CPU MTRRs all blank - virtualized system.
[    0.000000] x86/PAT: Configuration [0-7]: WB  WT  UC- UC  WB  WT  UC- UC  
[    0.000000] found SMP MP-table at [mem 0x0009fff0-0x0009ffff] mapped at [ffff88000009fff0]
[    0.000000] Scanning 1 areas for low memory corruption
[    0.000000] RAMDISK: [mem 0x362fc000-0x37175fff]
[    0.000000] ACPI: Early table checksum verification disabled
[    0.000000] ACPI: RSDP 0x00000000000E0000 000024 (v02 VBOX  )
[    0.000000] ACPI: XSDT 0x000000003FFF0030 00003C (v01 VBOX   VBOXXSDT 00000001 ASL  00000061)
[    0.000000] ACPI: FACP 0x000000003FFF00F0 0000F4 (v04 VBOX   VBOXFACP 00000001 ASL  00000061)
[    0.000000] ACPI: DSDT 0x000000003FFF0470 0021FF (v02 VBOX   VBOXBIOS 00000002 INTL 20160108)
[    0.000000] ACPI: FACS 0x000000003FFF0200 000040
[    0.000000] ACPI: FACS 0x000000003FFF0200 000040
[    0.000000] ACPI: APIC 0x000000003FFF0240 00005C (v02 VBOX   VBOXAPIC 00000001 ASL  00000061)
[    0.000000] ACPI: SSDT 0x000000003FFF02A0 0001CC (v01 VBOX   VBOXCPUT 00000002 INTL 20160108)
[    0.000000] No NUMA configuration found
[    0.000000] Faking a node at [mem 0x0000000000000000-0x000000003ffeffff]
[    0.000000] NODE_DATA(0) allocated [mem 0x3ffeb000-0x3ffeffff]
[    0.000000] kvm-clock: Using msrs 4b564d01 and 4b564d00
[    0.000000] kvm-clock: cpu 0, msr 0:3ffe3001, primary cpu clock
[    0.000000] kvm-clock: using sched offset of 4846756542 cycles
[    0.000000] clocksource: kvm-clock: mask: 0xffffffffffffffff max_cycles: 0x1cd42e4dffb, max_idle_ns: 881590591483 ns
[    0.000000] Zone ranges:
[    0.000000]   DMA      [mem 0x0000000000001000-0x0000000000ffffff]
[    0.000000]   DMA32    [mem 0x0000000001000000-0x000000003ffeffff]
[    0.000000]   Normal   empty
[    0.000000]   Device   empty
[    0.000000] Movable zone start for each node
[    0.000000] Early memory node ranges
[    0.000000]   node   0: [mem 0x0000000000001000-0x000000000009efff]
[    0.000000]   node   0: [mem 0x0000000000100000-0x000000003ffeffff]
[    0.000000] Initmem setup node 0 [mem 0x0000000000001000-0x000000003ffeffff]
[    0.000000] ACPI: PM-Timer IO Port: 0x4008
[    0.000000] IOAPIC[0]: apic_id 2, version 32, address 0xfec00000, GSI 0-23
[    0.000000] ACPI: INT_SRC_OVR (bus 0 bus_irq 0 global_irq 2 dfl dfl)
[    0.000000] ACPI: INT_SRC_OVR (bus 0 bus_irq 9 global_irq 9 high level)
[    0.000000] Using ACPI (MADT) for SMP configuration information
[    0.000000] smpboot: Allowing 2 CPUs, 0 hotplug CPUs
[    0.000000] PM: Registered nosave memory: [mem 0x00000000-0x00000fff]
[    0.000000] PM: Registered nosave memory: [mem 0x0009f000-0x0009ffff]
[    0.000000] PM: Registered nosave memory: [mem 0x000a0000-0x000effff]
[    0.000000] PM: Registered nosave memory: [mem 0x000f0000-0x000fffff]
[    0.000000] e820: [mem 0x40000000-0xfebfffff] available for PCI devices
[    0.000000] Booting paravirtualized kernel on KVM
[    0.000000] clocksource: refined-jiffies: mask: 0xffffffff max_cycles: 0xffffffff, max_idle_ns: 7645519600211568 ns
[    0.000000] setup_percpu: NR_CPUS:512 nr_cpumask_bits:512 nr_cpu_ids:2 nr_node_ids:1
[    0.000000] PERCPU: Embedded 34 pages/cpu @ffff88003fc00000 s99480 r8192 d31592 u1048576
[    0.000000] Built 1 zonelists in Node order, mobility grouping on.  Total pages: 257912
[    0.000000] Policy zone: DMA32
[    0.000000] Kernel command line: BOOT_IMAGE=/boot/vmlinuz-4.4.0-154-generic root=LABEL=cloudimg-rootfs ro console=tty1 console=ttyS0
[    0.000000] PID hash table entries: 4096 (order: 3, 32768 bytes)
[    0.000000] Memory: 997736K/1048120K available (8613K kernel code, 1335K rwdata, 4028K rodata, 1484K init, 1284K bss, 50384K reserved, 0K cma-reserved)
[    0.000000] SLUB: HWalign=64, Order=0-3, MinObjects=0, CPUs=2, Nodes=1
[    0.000000] Kernel/User page tables isolation: enabled
[    0.000000] Hierarchical RCU implementation.
[    0.000000] 	Build-time adjustment of leaf fanout to 64.
[    0.000000] 	RCU restricting CPUs from NR_CPUS=512 to nr_cpu_ids=2.
[    0.000000] RCU: Adjusting geometry for rcu_fanout_leaf=64, nr_cpu_ids=2
[    0.000000] NR_IRQS:33024 nr_irqs:440 16
[    0.000000] Console: colour VGA+ 80x25
[    0.000000] console [tty1] enabled
[    0.000000] console [ttyS0] enabled
[    0.000000] tsc: Detected 2394.560 MHz processor
[    0.918679] Calibrating delay loop (skipped) preset value.. 4789.12 BogoMIPS (lpj=9578240)
[    0.928329] pid_max: default: 32768 minimum: 301
[    0.935283] ACPI: Core revision 20150930
[    0.938622] ACPI: 2 ACPI AML tables successfully acquired and loaded
[    0.942883] Security Framework initialized
[    0.944499] Yama: becoming mindful.
[    0.949194] AppArmor: AppArmor initialized
[    0.951953] Dentry cache hash table entries: 131072 (order: 8, 1048576 bytes)
[    0.955912] Inode-cache hash table entries: 65536 (order: 7, 524288 bytes)
[    0.959087] Mount-cache hash table entries: 2048 (order: 2, 16384 bytes)
[    0.964619] Mountpoint-cache hash table entries: 2048 (order: 2, 16384 bytes)
[    0.970891] Initializing cgroup subsys io
[    0.973248] Initializing cgroup subsys memory
[    0.975292] Initializing cgroup subsys devices
[    0.977856] Initializing cgroup subsys freezer
[    0.984708] Initializing cgroup subsys net_cls
[    0.987952] Initializing cgroup subsys perf_event
[    0.990637] Initializing cgroup subsys net_prio
[    0.993480] Initializing cgroup subsys hugetlb
[    0.995441] Initializing cgroup subsys pids
[    0.998583] mce: CPU supports 0 MCE banks
[    1.000563] Last level iTLB entries: 4KB 512, 2MB 8, 4MB 8
[    1.003351] Last level dTLB entries: 4KB 512, 2MB 32, 4MB 32, 1GB 0
[    1.006686] Spectre V2 : Mitigation: Full generic retpoline
[    1.010062] Spectre V2 : Spectre v2 / SpectreRSB mitigation: Filling RSB on context switch
[    1.014116] Speculative Store Bypass: Vulnerable
[    1.016960] MDS: Vulnerable: Clear CPU buffers attempted, no microcode
[    1.034855] Freeing SMP alternatives memory: 36K
[    1.058127] ftrace: allocating 32299 entries in 127 pages
[    1.174263] smpboot: APIC(0) Converting physical 0 to logical package 0
[    1.178496] smpboot: Max logical packages: 1
[    1.182834] x2apic enabled
[    1.185259] Switched APIC routing to physical x2apic.
[    1.190569] ..TIMER: vector=0x30 apic1=0 pin1=2 apic2=-1 pin2=-1
[    1.301409] APIC calibration not consistent with PM-Timer: 98ms instead of 100ms
[    1.307356] APIC delta adjusted to PM-Timer: 6249907 (6185724)
[    1.312095] smpboot: CPU0: Intel(R) Pentium(R) CPU 2020M @ 2.40GHz (family: 0x6, model: 0x3a, stepping: 0x9)
[    1.319748] Performance Events: unsupported p6 CPU model 58 no PMU driver, software events only.
[    1.341438] KVM setup paravirtual spinlock
[    1.345922] x86: Booting SMP configuration:
[    1.349141] .... node  #0, CPUs:      #1
[    1.352196] kvm-clock: cpu 1, msr 0:3ffe3041, secondary cpu clock
[    1.442647] mce: CPU supports 0 MCE banks
[    1.464202] x86: Booted up 1 node, 2 CPUs
[    1.468165] smpboot: Total of 2 processors activated (9578.24 BogoMIPS)
[    1.474009] devtmpfs: initialized
[    1.479408] evm: security.selinux
[    1.482726] evm: security.SMACK64
[    1.485529] evm: security.SMACK64EXEC
[    1.488390] evm: security.SMACK64TRANSMUTE
[    1.491808] evm: security.SMACK64MMAP
[    1.494644] evm: security.ima
[    1.497089] evm: security.capability
[    1.501918] clocksource: jiffies: mask: 0xffffffff max_cycles: 0xffffffff, max_idle_ns: 7645041785100000 ns
[    1.510003] futex hash table entries: 512 (order: 3, 32768 bytes)
[    1.516097] pinctrl core: initialized pinctrl subsystem
[    1.520361] RTC time: 12:29:01, date: 07/13/19
[    1.524157] NET: Registered protocol family 16
[    1.540055] cpuidle: using governor ladder
[    1.552085] cpuidle: using governor menu
[    1.589943] PCCT header not found.
[    1.591473] ACPI: bus type PCI registered
[    1.593234] acpiphp: ACPI Hot Plug PCI Controller Driver version: 0.5
[    1.595855] PCI: Using configuration type 1 for base access
[    1.613680] ACPI: Added _OSI(Module Device)
[    1.617058] ACPI: Added _OSI(Processor Device)
[    1.620581] ACPI: Added _OSI(3.0 _SCP Extensions)
[    1.624994] ACPI: Added _OSI(Processor Aggregator Device)
[    1.669963] ACPI: Executed 1 blocks of module-level executable AML code
[    1.675188] ACPI: Interpreter enabled
[    1.677606] ACPI: (supports S0 S5)
[    1.679343] ACPI: Using IOAPIC for interrupt routing
[    1.681692] PCI: Using host bridge windows from ACPI; if necessary, use "pci=nocrs" and report a bug
[    1.690264] ACPI: PCI Root Bridge [PCI0] (domain 0000 [bus 00-ff])
[    1.693315] acpi PNP0A03:00: _OSC: OS supports [ASPM ClockPM Segments MSI]
[    1.698406] acpi PNP0A03:00: _OSC: not requesting OS control; OS requires [ExtendedConfig ASPM ClockPM MSI]
[    1.703709] acpi PNP0A03:00: fail to add MMCONFIG information, can't access extended PCI configuration space under this bridge.
[    1.708650] PCI host bridge to bus 0000:00
[    1.710555] pci_bus 0000:00: root bus resource [io  0x0000-0x0cf7 window]
[    1.713048] pci_bus 0000:00: root bus resource [io  0x0d00-0xffff window]
[    1.715556] pci_bus 0000:00: root bus resource [mem 0x000a0000-0x000bffff window]
[    1.718478] pci_bus 0000:00: root bus resource [mem 0x40000000-0xffdfffff window]
[    1.721480] pci_bus 0000:00: root bus resource [bus 00-ff]
[    1.726974] pci 0000:00:01.1: legacy IDE quirk: reg 0x10: [io  0x01f0-0x01f7]
[    1.729589] pci 0000:00:01.1: legacy IDE quirk: reg 0x14: [io  0x03f6]
[    1.732281] pci 0000:00:01.1: legacy IDE quirk: reg 0x18: [io  0x0170-0x0177]
[    1.734900] pci 0000:00:01.1: legacy IDE quirk: reg 0x1c: [io  0x0376]
[    1.780358] pci 0000:00:07.0: quirk: [io  0x4000-0x403f] claimed by PIIX4 ACPI
[    1.797031] pci 0000:00:07.0: quirk: [io  0x4100-0x410f] claimed by PIIX4 SMB
[    1.816868] ACPI: PCI Interrupt Link [LNKA] (IRQs 5 9 10 *11)
[    1.820177] ACPI: PCI Interrupt Link [LNKB] (IRQs 5 9 10 *11)
[    1.823279] ACPI: PCI Interrupt Link [LNKC] (IRQs 5 9 *10 11)
[    1.832204] ACPI: PCI Interrupt Link [LNKD] (IRQs 5 *9 10 11)
[    1.839198] ACPI: Enabled 2 GPEs in block 00 to 07
[    1.843178] vgaarb: setting as boot device: PCI:0000:00:02.0
[    1.845594] vgaarb: device added: PCI:0000:00:02.0,decodes=io+mem,owns=io+mem,locks=none
[    1.851198] vgaarb: loaded
[    1.854043] vgaarb: bridge control possible 0000:00:02.0
[    1.858261] SCSI subsystem initialized
[    1.863131] ACPI: bus type USB registered
[    1.870499] usbcore: registered new interface driver usbfs
[    1.875810] usbcore: registered new interface driver hub
[    1.878442] usbcore: registered new device driver usb
[    1.884594] PCI: Using ACPI for IRQ routing
[    1.888418] NetLabel: Initializing
[    1.891238] NetLabel:  domain hash size = 128
[    1.895165] NetLabel:  protocols = UNLABELED CIPSOv4
[    1.898097] NetLabel:  unlabeled traffic allowed by default
[    1.902701] amd_nb: Cannot enumerate AMD northbridges
[    1.926822] clocksource: Switched to clocksource kvm-clock
[    1.939284] AppArmor: AppArmor Filesystem Enabled
[    1.941208] pnp: PnP ACPI init
[    1.944041] pnp: PnP ACPI: found 3 devices
[    1.957299] clocksource: acpi_pm: mask: 0xffffff max_cycles: 0xffffff, max_idle_ns: 2085701024 ns
[    1.964286] NET: Registered protocol family 2
[    1.968267] TCP established hash table entries: 8192 (order: 4, 65536 bytes)
[    1.971236] TCP bind hash table entries: 8192 (order: 5, 131072 bytes)
[    1.979212] TCP: Hash tables configured (established 8192 bind 8192)
[    1.984668] UDP hash table entries: 512 (order: 2, 16384 bytes)
[    1.987131] UDP-Lite hash table entries: 512 (order: 2, 16384 bytes)
[    1.991157] NET: Registered protocol family 1
[    1.996524] pci 0000:00:00.0: Limiting direct PCI/PCI transfers
[    1.999068] pci 0000:00:01.0: Activating ISA DMA hang workarounds
[    2.001444] Unpacking initramfs...
[    2.538735] Freeing initrd memory: 14824K
[    2.540682] RAPL PMU detected, API unit is 2^-32 Joules, 3 fixed counters 10737418240 ms ovfl timer
[    2.546099] hw unit of domain pp0-core 2^-0 Joules
[    2.548111] hw unit of domain package 2^-0 Joules
[    2.551231] hw unit of domain pp1-gpu 2^-0 Joules
[    2.553054] clocksource: tsc: mask: 0xffffffffffffffff max_cycles: 0x2284248580e, max_idle_ns: 440795288736 ns
[    2.557974] platform rtc_cmos: registered platform RTC device (no PNP device found)
[    2.568899] Scanning for low memory corruption every 60 seconds
[    2.587506] audit: initializing netlink subsys (disabled)
[    2.589734] audit: type=2000 audit(1563020948.121:1): initialized
[    2.597603] Initialise system trusted keyring
[    2.602120] HugeTLB registered 2 MB page size, pre-allocated 0 pages
[    2.607030] zbud: loaded
[    2.609715] VFS: Disk quotas dquot_6.6.0
[    2.616088] VFS: Dquot-cache hash table entries: 512 (order 0, 4096 bytes)
[    2.619056] squashfs: version 4.0 (2009/01/31) Phillip Lougher
[    2.622196] fuse init (API version 7.23)
[    2.625447] Key type big_key registered
[    2.631844] Allocating IMA MOK and blacklist keyrings.
[    2.642111] Key type asymmetric registered
[    2.648366] Asymmetric key parser 'x509' registered
[    2.650444] Block layer SCSI generic (bsg) driver version 0.4 loaded (major 249)
[    2.654585] io scheduler noop registered
[    2.656373] io scheduler deadline registered (default)
[    2.659678] io scheduler cfq registered
[    2.665803] pci_hotplug: PCI Hot Plug PCI Core version: 0.5
[    2.668286] pciehp: PCI Express Hot Plug Controller Driver version: 0.4
[    2.670902] ACPI: AC Adapter [AC] (on-line)
[    2.672631] input: Power Button as /devices/LNXSYSTM:00/LNXPWRBN:00/input/input0
[    2.675629] ACPI: Power Button [PWRF]
[    2.696054] input: Sleep Button as /devices/LNXSYSTM:00/LNXSLPBN:00/input/input1
[    2.703339] ACPI: Sleep Button [SLPF]
[    2.709725] ACPI: Battery Slot [BAT0] (battery present)
[    2.715313] GHES: HEST is not enabled!
[    2.718282] Serial: 8250/16550 driver, 32 ports, IRQ sharing enabled
[    2.757471] 00:02: ttyS0 at I/O 0x3f8 (irq = 4, base_baud = 115200) is a 16550A
[    2.767300] Linux agpgart interface v0.103
[    2.781129] loop: module loaded
[    2.785541] scsi host0: ata_piix
[    2.787803] scsi host1: ata_piix
[    2.789158] ata1: PATA max UDMA/33 cmd 0x1f0 ctl 0x3f6 bmdma 0xd000 irq 14
[    2.795751] ata2: PATA max UDMA/33 cmd 0x170 ctl 0x376 bmdma 0xd008 irq 15
[    2.800316] libphy: Fixed MDIO Bus: probed
[    2.802120] tun: Universal TUN/TAP device driver, 1.6
[    2.803978] tun: (C) 1999-2004 Max Krasnyansky <maxk@qualcomm.com>
[    2.806442] PPP generic driver version 2.4.2
[    2.812530] ehci_hcd: USB 2.0 'Enhanced' Host Controller (EHCI) Driver
[    2.815277] ehci-pci: EHCI PCI platform driver
[    2.817249] ehci-platform: EHCI generic platform driver
[    2.819499] ohci_hcd: USB 1.1 'Open' Host Controller (OHCI) Driver
[    2.821731] ohci-pci: OHCI PCI platform driver
[    2.824689] ohci-platform: OHCI generic platform driver
[    2.828875] uhci_hcd: USB Universal Host Controller Interface driver
[    2.831973] i8042: PNP: PS/2 Controller [PNP0303:PS2K,PNP0f03:PS2M] at 0x60,0x64 irq 1,12
[    2.835962] serio: i8042 KBD port at 0x60,0x64 irq 1
[    2.838041] serio: i8042 AUX port at 0x60,0x64 irq 12
[    2.840884] mousedev: PS/2 mouse device common for all mice
[    2.848602] input: AT Translated Set 2 keyboard as /devices/platform/i8042/serio0/input/input2
[    2.855838] rtc_cmos rtc_cmos: rtc core: registered rtc_cmos as rtc0
[    2.855918] rtc_cmos rtc_cmos: alarms up to one day, 114 bytes nvram
[    2.855930] i2c /dev entries driver
[    2.856013] device-mapper: uevent: version 1.0.3
[    2.856092] device-mapper: ioctl: 4.34.0-ioctl (2015-10-28) initialised: dm-devel@redhat.com
[    2.856112] ledtrig-cpu: registered to indicate activity on CPUs
[    2.856498] NET: Registered protocol family 10
[    2.860341] NET: Registered protocol family 17
[    2.860365] Key type dns_resolver registered
[    2.860736] registered taskstats version 1
[    2.860757] Loading compiled-in X.509 certificates
[    2.861969] Loaded X.509 cert 'Build time autogenerated kernel key: 65139e04a67245b562a838c28b5e7032abdd4348'
[    2.862022] zswap: loaded using pool lzo/zbud
[    2.868957] Key type trusted registered
[    2.892718] Key type encrypted registered
[    2.892730] AppArmor: AppArmor sha1 policy hashing enabled
[    2.892736] ima: No TPM chip found, activating TPM-bypass!
[    2.892747] ima: Allocated hash algorithm: sha1
[    2.892785] evm: HMAC attrs: 0x1
[    2.893253]   Magic number: 11:181:481
[    2.893265] ata_device dev1.0: hash matches
[    2.893266]  dev1.0: hash matches
[    2.899102] rtc_cmos rtc_cmos: setting system clock to 2019-07-13 12:29:02 UTC (1563020942)
[    2.899261] BIOS EDD facility v0.16 2004-Jun-25, 0 devices found
[    2.899261] EDD information not available.
[    2.980549] Freeing unused kernel memory: 1484K
[    2.998903] Write protecting the kernel read-only data: 14336k
[    3.002447] Freeing unused kernel memory: 1616K
[    3.014567] Freeing unused kernel memory: 68K
Loading, please wait...
starting version[    3.153644] random: udevadm: uninitialized urandom read (16 bytes read, 3 bits of entropy available)
 229
[    3.157230] random: systemd-udevd: uninitialized urandom read (16 bytes read, 3 bits of entropy available)
[    3.157357] random: systemd-udevd: uninitialized urandom read (16 bytes read, 3 bits of entropy available)
[    3.157375] random: systemd-udevd: uninitialized urandom read (16 bytes read, 3 bits of entropy available)
[    3.157396] random: systemd-udevd: uninitialized urandom read (16 bytes read, 3 bits of entropy available)
[    3.341862] random: udevadm: uninitialized urandom read (16 bytes read, 3 bits of entropy available)
[    3.408444] random: systemd-udevd: uninitialized urandom read (16 bytes read, 3 bits of entropy available)
[    3.429624] random: udevadm: uninitialized urandom read (16 bytes read, 3 bits of entropy available)
[    3.429693] random: udevadm: uninitialized urandom read (16 bytes read, 3 bits of entropy available)
[    3.429931] random: udevadm: uninitialized urandom read (16 bytes read, 3 bits of entropy available)
[    3.753995] e1000: Intel(R) PRO/1000 Network Driver - version 7.3.21-k8-NAPI
[    3.785541] e1000: Copyright (c) 1999-2006 Intel Corporation.
[    3.799066] Fusion MPT base driver 3.04.20
[    3.804265] Copyright (c) 1999-2008 LSI Corporation
[    3.815457] Fusion MPT SPI Host driver 3.04.20
[    4.000713] input: ImExPS/2 Generic Explorer Mouse as /devices/platform/i8042/serio1/input/input4
[    4.328208] e1000 0000:00:03.0 eth0: (PCI:33MHz:32-bit) 02:bd:e0:5c:30:55
[    4.482346] e1000 0000:00:03.0 eth0: Intel(R) PRO/1000 Network Connection
[    5.179173] e1000 0000:00:08.0 eth1: (PCI:33MHz:32-bit) 08:00:27:09:85:d4
[    5.479025] e1000 0000:00:08.0 eth1: Intel(R) PRO/1000 Network Connection
[    5.720213] mptbase: ioc0: Initiating bringup
[    5.720717] e1000 0000:00:08.0 enp0s8: renamed from eth1
[    5.759395] e1000 0000:00:03.0 enp0s3: renamed from eth0
[    5.818982] ioc0: LSI53C1030 A0: Capabilities={Initiator}
[    5.997357] scsi host2: ioc0: LSI53C1030 A0, FwRev=00000000h, Ports=1, MaxQ=256, IRQ=20
[    6.156473] scsi 2:0:0:0: Direct-Access     VBOX     HARDDISK         1.0  PQ: 0 ANSI: 5
[    6.192151] scsi target2:0:0: Beginning Domain Validation
[    6.211206] scsi target2:0:0: Domain Validation skipping write tests
[    6.213964] scsi target2:0:0: Ending Domain Validation
[    6.257054] scsi target2:0:0: asynchronous
[    6.272280] scsi 2:0:1:0: Direct-Access     VBOX     HARDDISK         1.0  PQ: 0 ANSI: 5
[    6.307660] scsi target2:0:1: Beginning Domain Validation
[    6.316867] scsi target2:0:1: Domain Validation skipping write tests
[    6.383695] scsi target2:0:1: Ending Domain Validation
[    6.416468] scsi target2:0:1: asynchronous
[    6.424849] sd 2:0:0:0: Attached scsi generic sg0 type 0
[    6.437741] sd 2:0:1:0: Attached scsi generic sg1 type 0
[    6.439359] sd 2:0:0:0: [sda] 20971520 512-byte logical blocks: (10.7 GB/10.0 GiB)
[    6.442808] sd 2:0:1:0: [sdb] 20480 512-byte logical blocks: (10.5 MB/10.0 MiB)
[    6.717835] sd 2:0:0:0: [sda] Write Protect is off
[    6.857738] sd 2:0:0:0: [sda] Incomplete mode parameter data
[    6.859939] sd 2:0:0:0: [sda] Assuming drive cache: write through
[    6.859958] sd 2:0:1:0: [sdb] Write Protect is off
[    6.861661] sd 2:0:1:0: [sdb] Incomplete mode parameter data
[    6.861662] sd 2:0:1:0: [sdb] Assuming drive cache: write through
[    6.865850] sd 2:0:1:0: [sdb] Attached SCSI disk
[    6.879405]  sda: sda1
[    6.881933] sd 2:0:0:0: [sda] Attached SCSI disk
Begin: Loading e[    8.445309] md: linear personality registered for level -1
ssential drivers ... [    8.821435] md: multipath personality registered for level -4
[    9.154509] md: raid0 personality registered for level 0
[    9.193412] md: raid1 personality registered for level 1
[    9.287423] raid6: sse2x1   gen()  5120 MB/s
[    9.610729] raid6: sse2x1   xor()  4999 MB/s
[    9.822338] raid6: sse2x2   gen()  8375 MB/s
[   10.024685] raid6: sse2x2   xor()  5682 MB/s
[   10.236530] raid6: sse2x4   gen()  9289 MB/s
[   10.430871] raid6: sse2x4   xor()  6694 MB/s
[   10.584360] raid6: using algorithm sse2x4 gen() 9289 MB/s
[   10.752118] raid6: .... xor() 6694 MB/s, rmw enabled
[   10.964105] raid6: using ssse3x2 recovery algorithm
[   11.099946] xor: measuring software checksum speed
[   11.186808]    prefetch64-sse: 12376.000 MB/sec
[   11.238821]    generic_sse: 12168.000 MB/sec
[   11.282703] xor: using function: prefetch64-sse (12376.000 MB/sec)
[   11.313566] async_tx: api initialized (async)
[   11.368586] md: raid6 personality registered for level 6
[   11.370591] md: raid5 personality registered for level 5
[   11.372809] md: raid4 personality registered for level 4
[   11.384351] md: raid10 personality registered for level 10
done.
Begin: Running /scripts/init-premount ... done[   11.439045] Btrfs loaded
.
Begin: Mounting root file system ... Begin: Running /scripts/local-top ... done.
Begin: Running /scripts/local-premount ... Scanning for Btrfs filesystems
done.
Warning: fsck not present, so skipping root file system
[   11.565848] EXT4-fs (sda1): mounted filesystem with ordered data mode. Opts: (null)
done.
Begin: Running /scripts/local-bottom ... done.
Begin: Running /scripts/init-bottom ... done.
[   11.832929] systemd[1]: systemd 229 running in system mode. (+PAM +AUDIT +SELINUX +IMA +APPARMOR +SMACK +SYSVINIT +UTMP +LIBCRYPTSETUP +GCRYPT +GNUTLS +ACL +XZ -LZ4 +SECCOMP +BLKID +ELFUTILS +KMOD -IDN)
[   11.899090] systemd[1]: Detected virtualization oracle.
[   11.924287] systemd[1]: Detected architecture x86-64.

Welcome to [1mUbuntu 16.04.6 LTS[0m!

[   12.007589] systemd[1]: Set hostname to <ubuntu>.
[   12.044571] systemd[1]: Initializing machine ID from random generator.
[   12.068412] systemd[1]: Installed transient /etc/machine-id file.
[   12.323154] systemd[1]: Created slice User and Session Slice.
[[0;32m  OK  [0m] Created slice User and Session Slice.
[   12.449875] systemd[1]: Listening on LVM2 metadata daemon socket.
[[0;32m  OK  [0m] Listening on LVM2 metadata daemon socket.
[   12.603221] systemd[1]: Started Trigger resolvconf update for networkd DNS.
[[0;32m  OK  [0m] Started Trigger resolvconf update for networkd DNS.
[   12.959174] systemd[1]: Started Forward Password Requests to Wall Directory Watch.
[[0;32m  OK  [0m] Started Forward Password Requests to Wall Directory Watch.
[   13.159507] systemd[1]: Listening on /dev/initctl Compatibility Named Pipe.
[[0;32m  OK  [0m] Listening on /dev/initctl Compatibility Named Pipe.
[   13.463277] systemd[1]: Listening on Journal Socket.
[[0;32m  OK  [0m] Listening on Journal Socket.
[   13.579512] systemd[1]: Listening on Device-mapper event daemon FIFOs.
[[0;32m  OK  [0m] Listening on Device-mapper event daemon FIFOs.
[   13.927197] systemd[1]: Reached target Encrypted Volumes.
[[0;32m  OK  [0m] Reached target Encrypted Volumes.
[   14.187243] systemd[1]: Reached target Swap.
[[0;32m  OK  [0m] Reached target Swap.
[   14.323390] systemd[1]: Listening on Journal Audit Socket.
[[0;32m  OK  [0m] Listening on Journal Audit Socket.
[   14.403337] systemd[1]: Listening on Syslog Socket.
[[0;32m  OK  [0m] Listening on Syslog Socket.
[   14.700323] systemd[1]: Listening on Journal Socket (/dev/log).
[[0;32m  OK  [0m] Listening on Journal Socket (/dev/log).
[   14.935051] systemd[1]: Reached target User and Group Name Lookups.
[[0;32m  OK  [0m] Reached target User and Group Name Lookups.
[   15.087782] systemd[1]: Listening on udev Kernel Socket.
[[0;32m  OK  [0m] Listening on udev Kernel Socket.
[   15.431232] systemd[1]: Reached target System Time Synchronized.
[[0;32m  OK  [0m] Reached target System Time Synchronized.
[   15.579233] systemd[1]: Set up automount Arbitrary Executable File Formats File System Automount Point.
[[0;32m  OK  [0m] Set up automount Arbitrary Executab...ats File System Automount Point.
[   15.912561] systemd[1]: Listening on LVM2 poll daemon socket.
[[0;32m  OK  [0m] Listening on LVM2 poll daemon socket.
[   16.171780] systemd[1]: Created slice System Slice.
[[0;32m  OK  [0m] Created slice System Slice.
[   16.411543] systemd[1]: Starting Set console keymap...
         Starting Set console keymap...
[   16.709639] random: nonblocking pool is initialized
[   16.713868] systemd[1]: Starting Monitoring of LVM2 mirrors, snapshots etc. using dmeventd or progress polling...
         Starting Monitoring of LVM2 mirrors... dmeventd or progress polling...
[   17.027039] systemd[1]: Starting Create list of required static device nodes for the current kernel...
         Starting Create list of required st... nodes for the current kernel...
[   17.319542] systemd[1]: Starting Uncomplicated firewall...
         Starting Uncomplicated firewall...
[   17.571316] systemd[1]: Starting Remount Root and Kernel File Systems...
[   17.584061] EXT4-fs (sda1): re-mounted. Opts: (null)
         Starting Remount Root and Kernel File Systems...
[   18.009506] systemd[1]: Starting Journal Service...
         Starting Journal Service...
[   18.287294] systemd[1]: Mounting Debug File System...
         Mounting Debug File System...
[   18.303234] systemd[1]: Mounting Huge Pages File System...
         Mounting Huge Pages File System...
[   18.314281] systemd[1]: Created slice system-serial\x2dgetty.slice.
[[0;32m  OK  [0m] Created slice system-serial\x2dgetty.slice.
[   18.320869] systemd[1]: Mounting POSIX Message Queue File System...
         Mounting POSIX Message Queue File System...
[   18.332987] systemd[1]: Starting Load Kernel Modules...
         Starting Load Kernel Modules...
[   18.345155] systemd[1]: Starting Nameserver information manager...
         Starting Nameserver information manager...
[   18.353384] systemd[1]: Reached target Slices.
[[0;32m  OK  [0m] Reached target Slices.[   18.358389] Loading iSCSI transport class v2.0-870.

[   18.408319] systemd[1]: Listening on udev Control Socket.
[[0;32m  OK  [0m] Listening on[   18.644501] iscsi: registered transport (tcp)
 udev Control Socket.
[   18.725656] systemd[1]: Mounted Debug File System.
[   18.738417] iscsi: registered transport (iser)
[[0;32m  OK  [0m] Mounted Debug File System.
[   18.742386] systemd[1]: Mounted Huge Pages File System.
[[0;32m  OK  [0m] Mounted Huge Pages File System.
[   18.960009] systemd[1]: Mounted POSIX Message Queue File System.
[[0;32m  OK  [0m] Mounted POSIX Message Queue File System.
[   19.015889] systemd[1]: Started Journal Service.
[[0;32m  OK  [0m] Started Journal Service.
[[0;32m  OK  [0m] Started Set console keymap.
[[0;32m  OK  [0m] Started Create list of required sta...ce nodes for the current kernel.
[[0;32m  OK  [0m] Started Uncomplicated firewall.
[[0;32m  OK  [0m] Started Remount Root and Kernel File Systems.
[[0;32m  OK  [0m] Started Load Kernel Modules.
[[0;32m  OK  [0m] Started Nameserver information manager.
[[0;32m  OK  [0m] Started LVM2 metadata daemon.
         Starting Apply Kernel Variables...
         Mounting FUSE Control File System...
         Starting udev Coldplug all Devices...
         Starting Load/Save Random Seed...
         Starting Create Static Device Nodes in /dev...
         Starting Flush Journal to Persistent Storage...
[[0;32m  OK  [0m] Mounted FUSE Control File System.
[[0;32m  OK  [0m] Started Load/Save Random Seed.
[[0;32m  OK  [0m] Started Apply Kernel Variables.
[[0;32m  OK  [0m] Started Create Static Device Nodes in /dev.
[[0;32m  OK  [0m] Started Flush Journal to Persistent Storage.
         Starting udev Kernel Device Manager...
[[0;32m  OK  [0m] Started udev Kernel Device Manager.
[[0;32m  OK  [0m] Started Monitoring of LVM2 mirrors,...ng dmeventd or progress polling.
[[0;32m  OK  [0m] Started udev Coldplug all Devices.
[[0;32m  OK  [0m] Found device /dev/ttyS0.
[[0;32m  OK  [0m] Reached target Local File Systems (Pre).
[[0;32m  OK  [0m] Reached target Local File Systems.
         Starting Commit a transient machine-id on disk...
         Starting LSB: AppArmor initialization...
         Starting Tell Plymouth To Write Out Runtime Data...
         Starting Set console font and keymap...
         Starting Initial cloud-init job (pre-networking)...
         Starting Create Volatile Files and Directories...
[[0;32m  OK  [0m] Started Dispatch Password Requests to Console Directory Watch.
[[0;32m  OK  [0m] Started Commit a transient machine-id on disk.
[[0;32m  OK  [0m] Started Tell Plymouth To Write Out Runtime Data.
[[0;32m  OK  [0m] Started Create Volatile Files and Directories.
         Starting Update UTMP about System Boot/Shutdown...
[[0;32m  OK  [0m] Started Update UTMP about System Boot/Shutdown.
[[0;32m  OK  [0m] Listening on Load/Save RF Kill Switch Status /dev/rfkill Watch.
[[0;32m  OK  [0m] Started LSB: AppArmor initialization.
[   21.063122] cloud-init[509]: Cloud-init v. 19.1-1-gbaa47854-0ubuntu1~16.04.1 running 'init-local' at Sat, 13 Jul 2019 12:29:21 +0000. Up 20.16 seconds.
[[0;32m  OK  [0m] Started Initial cloud-init job (pre-networking).
[[0;32m  OK  [0m] Started Set console font and keymap.
[[0;32m  OK  [0m] Created slice system-getty.slice.
[[0;32m  OK  [0m] Reached target Network (Pre).
         Starting Raise network interfaces...
[[0;32m  OK  [0m] Started Raise network interfaces.
[[0;32m  OK  [0m] Reached target Network.
         Starting Initial cloud-init job (metadata service crawler)...
[   23.459691] cloud-init[946]: Cloud-init v. 19.1-1-gbaa47854-0ubuntu1~16.04.1 running 'init' at Sat, 13 Jul 2019 12:29:23 +0000. Up 22.58 seconds.
[   23.482994] cloud-init[946]: ci-info: ++++++++++++++++++++++++++++++++++++++Net device info+++++++++++++++++++++++++++++++++++++++
[   23.499824] cloud-init[946]: ci-info: +--------+-------+----------------------------+---------------+--------+-------------------+
[   23.514525] cloud-init[946]: ci-info: | Device |   Up  |          Address           |      Mask     | Scope  |     Hw-Address    |
[   23.536006] cloud-init[[0;32m  OK  [0m] Started Initial cloud-init job (metadata service crawler).
[[0;32m  OK  [0m] Reached target System Initialization.
[[0;32m  OK  [0m] Listening on ACPID Listen Socket.
[[0;32m  OK  [0m] Listening on UUID daemon activation socket.
         Starting Socket activation for snappy daemon.
[946]: ci-info: +--------+-------+----------------------------+---------------+--------+-------------------+
[   24.055934] cloud-init[946]: ci-info: | enp0s3 |  True |         10.0.2.15          | 255.255.255.0 | global | 02:bd:e0:5c:30:55 |
[   24.244278] cloud-init[946]: ci-info: | enp0s3 |  True | fe80::bd:e0ff:fe5c:3055/64 |       .       |  link  | 02:bd:e0:5c:30:55 |
[   24.245664] cloud-init[946]: ci-info: | enp0s8 | False |             .              |       .       |   .    | 08:00:27:09:85:d4 |
[[0;32m  OK  [0m] Started ACPI Events Check.
[   24.249282] cloud-init[946]: ci-info: |   lo   |  True |         127.0.0.1          |   255.0.0.0   |  host  |         .         |
[   24.417002] cloud-init[946]: ci-info: |   lo   |  True |          ::1/128           |       .       |  host  |         .         |
[[0;32m  OK  [0m] Reached target Paths.
[[0;32m  OK  [0m] Started Daily Cleanup of Temporary Directories.
[[0;32m  OK  [0m] Listening on D-Bus System Message Bus Socket.
[   24.417094] cloud-init[946]: ci-info: +--------+-------+----------------------------+---------------+--------+-------------------+
[   24.924866] cloud-init[946]: ci-info: +++++++++++++++++++++++++++Route IPv4 info++++++++++++++++++++++++++++
[   24.925539] cloud-init[946]: ci-info: +-------+-------------+----------+---------------+-----------+-------+
[[0;32m  OK  [0m] Started Daily apt download activities.
[   24.925705] cloud-init[946]: ci-info: | Route | Destination | Gateway  |    Genmask    | Interface | Flags |
[   25.267092] cloud-init[946]: ci-info: +-------+-------------+----------+---------------+-----------+-------+
[   25.267414] cloud-init[946]: ci-info: |   0   |   0.0.0.0   | 10.0.2.2 |    0.0.0.0    |   enp0s3  |   UG  |
         Starting LXD - unix socket.
[[   25.273313] cloud-init[946]: ci-info: |   1   |   10.0.2.0  | 0.0.0.0  | 255.255.255.0 |   enp0s3  |   U   |
[   25.429666] cloud-init[946]: ci-info: +-------+-------------+----------+---------------+-----------+-------+
[0;32m  OK  [0m] Started Daily apt upgrade and clean activities.
[[0;32m  OK  [0m] Reached target Timers.
[[0;32m  OK  [0m] Reached target Network is Online.
[   25.429825] cloud-init[946]: ci-info: +++++++++++++++++++Route IPv6 info+++++++++++++++++++
[   25.688194] cloud-init[946]: ci-info: +-------+-------------+---------+-----------+-------+
         Starting iSCSI initiator daemon (iscsid)...
[[0;32m  OK  [0m] Reached target Cloud-config availability.
[[0;32m  OK  [0m] Listening on Socket activation for snappy daemon.
[[0;32m  OK  [0m] Listening on LXD - unix socket.
[   25.703308] cloud-init[946]: ci-info: | Route | Destination | Gateway | Interface | Flags |
[   25.859184] [[0;32m  OK  [0m] Reached target Sockets.
[[0;32m  OK  [0m] Reached target Basic System.
cloud-init[946]: ci-info: +-------+-------------+---------+-----------+-------+
[   25.913798] cloud-init[946]: ci-info: |   0   |  fe80::/64  |    ::   |   enp0s3  |   U   |
         Starting Login Service...
[   25.918276] cloud-init[946]: ci-info: |   3   |   ff00::/8  |    ::   |   enp0s3  |   U   |
[   26.076507] [cloud-init[0;32m  OK  [0m[946]: ] ci-info: +-------+-------------+---------+-----------+-------+Started D-Bus System Message Bus.

[   26.076986] cloud-init[946]: Generating public/private rsa key pair.
[   26.291645] cloud-init[946]: Your identification has been saved in /etc/ssh/ssh_host_rsa_key.
[   26.300883] cloud-init[946]: Your public key has been saved in /etc/ssh/ssh_host_rsa_key.pub.
[   26.310229] cloud-init[946]: The key fingerprint is:
[   26.320638] cloud-init[946]: SHA256:VZMYYLIjRjbNc5uaRkhlATAqEWbOc44xzyuPbxptGiY root@ubuntu-xenial
[   26.331387] cloud-init[946]: The key's randomart image is:         Starting Accounts Service...

[   26.345061] cloud-init[946]: +---[RSA 2048]----+
[   26.354784] cloud-init[946]: |o+o.===.o..oo.   |
[   26.367735] cloud-init[946]: |=o +.o++. ....   |
[   26.377131] cloud-init[946]:          Starting Pollinate to seed the pseudo random number generator...
[[0;32m  OK  [0m] Started ACPI event daemon.
|o* oo.oo o.      |
         Starting LSB: Record successful boot for GRUB...
[   26.430324] cloud-init[946]: |. X.....o.       |
         Starting LSB: MD monitoring daemon...
[   26.440628] cloud-init[946]: | . + . oS        |         Starting LXD - container startup/shutdown...

[   26.480704] cloud-init[946]: |  . . +          |
         Starting System Logging Service...
[   26.521469] cloud-init[946]: |E= + .           |
[   26.580214] cloud-init[946]: |o O.             |
[   26.598473] cloud-init[946]: | ++o             |
         Starting Virtualbox guest utils...
[   26.609069] cloud-init[946]: +----[SHA256]-----+
[   26.617513] cloud-init[946]: Generating public/private dsa key pair.
[   26.625805] cloud-init[946]: Your identification has been saved in /etc/ssh/ssh_host_dsa_key.
[   26.636063] cloud-init[946]: Your public key has been saved in /etc/ssh/ssh_host_dsa_key.pub.
         Starting /etc/rc.local Compatibility...
[[0;32m  OK  [0m] Started FUSE filesystem for LXC.
[[0;32m  OK  [0m] Started Regular background program processing daemon.
[[   26.672604] cloud-init[946]: The key fingerprint is:
[   26.688401] [0;32m  OK  [0m] Started Deferred execution scheduler.
cloud-init[946]: SHA256:sYOBz/gxZ4so82N/OPrvpDSzmrRIdAXAZScW5ahwc+o root@ubuntu-xenial
[   26.720889] cloud-init[946]: The key's randomart image is:
[   26.741867] cloud-init[946]:          Starting Snappy daemon...
[[0;32m  OK  [0m] Started System Logging Service.
[[0;32m  OK  [0m] Started iSCSI initiator daemon (iscsid).
[[0;32m  OK  [0m] Started /etc/rc.local Compatibility.
+---[DSA 1024]----+
[   26.889255] cloud-init[946]: | ..oBoo          |
[   26.920869] cloud-init[946]: |  .o B           |
[   26.945112] cloud-init[946]: |. o + + .        |
[   26.949061] cloud-init[946]: | o = = o o       |
[   26.959588] cloud-init[946]: |  + o * S        |
[   26.967110] cloud-init[946]: | o . o * o       |
[   26.985558] cloud-init[946]: |  E o *.o        |
[   26.999186] cloud-init[946]: | . *o+o*.        |
[[0;32m  OK  [0m] Started LSB: Record successful boot for GRUB.
[   27.049030] cloud-init[946]: |  ..**==o        |
[[0;32m  OK  [0m] Started LSB: MD monitoring daemon.
[[0;32m  OK  [0m[   27.059733] cloud-init[946]: +----[SHA256]-----+] Started Login Service.

[   27.075646] cloud-init[946]: [[0;32m  OK  [0m] Started Unattended Upgrades Shutdown.
Generating public/private ecdsa key pair.
         Starting Authenticate and Authorize Users to Run Privileged Tasks...[   27.124035] 
         Starting Login to default iSCSI targets...
cloud-init[946]: Your identification has been saved in /etc/ssh/ssh_host_ecdsa_key.
[   27.251015] cloud-init[946]: Your public key has been saved in /etc/ssh/ssh_host_ecdsa_key.pub.
[[0;32m  OK  [0m] Started Authenticate and Authorize Users to Run Privileged Tasks.[   27.324236] cloud-init[946]: The key fingerprint is:
[   27.332978] cloud-init
[946]: SHA256:NMOBgfrcmW5kXVAVwxCBFpo0ky+EyIyKjs6GAcnNsDE root@ubuntu-xenial
[   27.339058] cloud-init[946]: The key's randomart image is:
[   27.341875] cloud-init[946]: +---[ECDSA 256]---+
[   27.344287] cloud-init[946]: | + . o=+o+=*+.   |[[0;32m  OK  [0m] Started Accounts Service.
[   27.364009] cloud-init[946]: |.E+ o.+*+.  ..   |

[[0;32m  OK  [0m] Started Login to default iSCSI targets.[   27.376981] cloud-init
[946]: |+.B. .oo=.       |
[[0;32m  OK  [0m] Started LXD - container startup/shutdown.
[[0;32m  OK  [0m[   27.416216] cloud-init] Started Virtualbox guest utils.
[946]: |=o.o  ...o.      |[[0;32m  OK  [0m] Reached target Remote File Systems (Pre).
[[0;32m  OK  [0m] Reached target Remote File Systems.

[   27.536564] cloud-init[946]: |+  o . =S.       |
[   27.542016] cloud-init[946]: |o.  o * .        |
         Starting Permit User Sessions...[   27.548456] cloud-init[946]: |+.   +           |
         Starting LSB: Set the CPU Frequency Scaling governor to "ondemand"...
[   27.584374] cloud-init[946]: |.+    o          |

         [   27.611007] Starting LSB: automatic crash report generation...cloud-init
[946]: |.    .           |
[   27.634925] cloud-init[946]: +----[SHA256]-----+
[   27.639871] cloud-init[946]: Generating public/private ed25519 key pair.         Starting LSB: daemon to balance interrupts for SMP systems...
[   27.652746] 
[[0;32m  OK  [0m] Started Permit User Sessions.cloud-init
[946]: Your identification has been saved in /etc/ssh/ssh_host_ed25519_key.         Starting Hold until boot process finishes up...
         Starting Terminate Plymouth Boot Screen...
[   27.781553] 
cloud-init[946]: Your public key has been saved in /etc/ssh/ssh_host_ed25519_key.pub.
[   27.837729] cloud-init[946]: The key fingerprint is:
[   27.862246] [[0;32m  OK  [0m] Started Hold until boot process finishes up.
[cloud-init[946]: SHA256:FVvaQg5Z54FtFlIFpjTMhQmZmWWnX2V22OeZxCk6Fuw root@ubuntu-xenial[0;32m  OK  [0m] Started Pollinate to seed the pseudo random number generator.
[[0;32m  OK  [0m] Started Terminate Plymouth Boot Screen.

[   27.917629] cloud-init[946]: The key's randomart image is:
[   27.937269] cloud-init[946]: +--[ED25519 256]--+
[   27.950714] cloud-init[946]: |        o%@B@+oo*|
[   27.956992] cloud-init[946]: |        ***^+o.B+|
[   27.971198] cloud-init[946]: |          Xo= +.+|
[   27.991837] [[0;32m  OK  [0m] Started LSB: daemon to balance interrupts for SMP systems.
cloud-init[946]: |         . E . o.|
         Starting OpenBSD Secure Shell server...
[   28.076716] cloud-init[946]: |        S . o    |
[   28.097009] cloud-init[946]: |                 |
[   28.106372]          Starting Set console scheme...
cloud-init[[0;32m  OK  [0m] Started Getty on tty1.
[[0;32m  OK  [0m] Started Serial Getty on ttyS0.
[[0;32m  OK  [0m] Reached target Login Prompts.
[[0;32m  OK  [0m] Started Snappy daemon.
[[0;32m  OK  [0m] Started LSB: Set the CPU Frequency Scaling governor to "ondemand".
[[0;32m  OK  [0m] Started LSB: automatic crash report generation.
[946]: |                 |
[   28.191747] [cloud-init[0;32m  OK  [0m[946]: ] |                 |Started OpenBSD Secure Shell server.

[   28.192670] cloud-init[946]: |                 |
[   28.349587] [[0;32m  OK  [0m] Started Set console scheme.
cloud-init[946]: +----[SHA256]-----+
[[0;32m  OK  [0m] Created slice User Slice of vagrant.
[[0;32m  OK  [0m] Started Session 1 of user vagrant.
         Starting User Manager for UID 1000...
         Starting Wait until snapd is fully seeded...
[[0;32m  OK  [0m] Started User Manager for UID 1000.
[[0;32m  OK  [0m] Started Wait until snapd is fully seeded.
         Starting Apply the settings specified in cloud-config...
[[0;32m  OK  [0m] Reached target Multi-User System.
[[0;32m  OK  [0m] Reached target Graphical Interface.
         Starting Update UTMP about System Runlevel Changes...
[[0;32m  OK  [0m] Started Update UTMP about System Runlevel Changes.
[   31.042791] cloud-init[1403]: Generating locales (this might take a while)...
         Stopping User Manager for UID 1000...
[[0;32m  OK  [0m] Stopped User Manager for UID 1000.
[[0;32m  OK  [0m] Removed slice User Slice of vagrant.
[[0;32m  OK  [0m] Created slice User Slice of vagrant.
[[0;32m  OK  [0m] Started Session 2 of user vagrant.
         Starting User Manager for UID 1000...
[[0;32m  OK  [0m] Started User Manager for UID 1000.
[   33.912391] cloud-init[1403]:   en_US.UTF-8... done
[   33.918514] cloud-init[1403]: Generation complete.

Ubuntu 16.04.6 LTS ubuntu-xenial ttyS0

ubuntu-xenial login: [   34.888658] cloud-init[1403]: Cloud-init v. 19.1-1-gbaa47854-0ubuntu1~16.04.1 running 'modules:config' at Sat, 13 Jul 2019 12:29:31 +0000. Up 30.81 seconds.
ci-info: no authorized ssh keys fingerprints found for user ubuntu.
<14>Jul 13 12:29:37 ec2: 
<14>Jul 13 12:29:37 ec2: #############################################################
<14>Jul 13 12:29:37 ec2: -----BEGIN SSH HOST KEY FINGERPRINTS-----
<14>Jul 13 12:29:37 ec2: 1024 SHA256:sYOBz/gxZ4so82N/OPrvpDSzmrRIdAXAZScW5ahwc+o root@ubuntu-xenial (DSA)
<14>Jul 13 12:29:37 ec2: 256 SHA256:NMOBgfrcmW5kXVAVwxCBFpo0ky+EyIyKjs6GAcnNsDE root@ubuntu-xenial (ECDSA)
<14>Jul 13 12:29:37 ec2: 256 SHA256:FVvaQg5Z54FtFlIFpjTMhQmZmWWnX2V22OeZxCk6Fuw root@ubuntu-xenial (ED25519)
<14>Jul 13 12:29:37 ec2: 2048 SHA256:VZMYYLIjRjbNc5uaRkhlATAqEWbOc44xzyuPbxptGiY root@ubuntu-xenial (RSA)
<14>Jul 13 12:29:37 ec2: -----END SSH HOST KEY FINGERPRINTS-----
<14>Jul 13 12:29:37 ec2: #############################################################
-----BEGIN SSH HOST KEY KEYS-----
ecdsa-sha2-nistp256 AAAAE2VjZHNhLXNoYTItbmlzdHAyNTYAAAAIbmlzdHAyNTYAAABBBGuKPWByTjfo0qsyOYhEDMBUUPguB5w+SAMtJ1sqOlPRyrPL2ytHHB2JfW1R865Tt+r9QCGq8K4F5VSQEmVjZmQ= root@ubuntu-xenial
ssh-ed25519 AAAAC3NzaC1lZDI1NTE5AAAAINkmFbGWguXzXzVaAXhjcgoSkW7iLdH+xFH/ZhRNPxBA root@ubuntu-xenial
ssh-rsa AAAAB3NzaC1yc2EAAAADAQABAAABAQCYJzKkHXDQtFXKN8kLEKJCkGKFuwGvTr3hPLFNB48XwHLP4BaAsnmdy7mkzI/+Gau64/n7uTXF+/ZD9N7COjHPmCLxWlzMyqsFXaMpa7WuVxsybZI0ZSXFlICRrnEeBR+9dh8cNxLH3EVoW5zUkve/J8zxUZfboaDMZcQwrgqjf2YuiNak/IKWwx0eknNNM3eceuK4w61dSOD8Z7ybAxgJM1+i+KtcWIUuXob3IqUCPlv6eqqyNHgAQ2baZg5Sm+xG9vb7pZXcIDfw06jzQdjxDpAUHbwNZ/axNQeD1vuktXSmsSUj1WjokashwNHdH2pBTX0dlFbIHNW4G17cCUg/ root@ubuntu-xenial
-----END SSH HOST KEY KEYS-----
[   36.733002] cloud-init[1585]: Cloud-init v. 19.1-1-gbaa47854-0ubuntu1~16.04.1 running 'modules:final' at Sat, 13 Jul 2019 12:29:36 +0000. Up 36.08 seconds.
[   36.778891] cloud-init[1585]: ci-info: no authorized ssh keys fingerprints found for user ubuntu.
[   36.804671] cloud-init[1585]: Cloud-init v. 19.1-1-gbaa47854-0ubuntu1~16.04.1 finished at Sat, 13 Jul 2019 12:29:37 +0000. Datasource DataSourceNoCloud [seed=/dev/sdb][dsmode=net].  Up 36.61 seconds
